{"level":"info","message":"New mail for id: test3@gmail.com","timestamp":"2016-10-31T20:58:52.704Z"}
{"level":"info","message":"New mail for id: test@gamil.com","timestamp":"2016-10-31T21:08:16.730Z"}
{"level":"info","message":"New mail for id: test@gamil.com","timestamp":"2016-10-31T21:08:19.972Z"}
{"level":"info","message":"New mail for id: t@g.c","timestamp":"2016-10-31T21:11:21.263Z"}
{"level":"info","message":"New mail for id: t2@g.c","timestamp":"2016-10-31T21:12:58.086Z"}
{"level":"info","message":"New mail for id: t3@g.c","timestamp":"2016-10-31T21:14:09.922Z"}
{"level":"info","message":"New mail for id: t34@g.c","timestamp":"2016-10-31T21:14:27.988Z"}
{"level":"info","message":"New mail for id: a@b.c","timestamp":"2016-10-31T21:21:46.792Z"}
{"level":"info","message":"Valid Sign up for: a@b.c","timestamp":"2016-10-31T21:21:54.858Z"}
{"level":"info","message":"Valid Sign up for: a@b.c","timestamp":"2016-10-31T21:21:54.871Z"}
{"level":"info","message":"New mail for id: a@cb.com","timestamp":"2016-10-31T21:23:59.971Z"}
{"level":"info","message":"Valid Sign up for: a@cb.com","timestamp":"2016-10-31T21:24:04.338Z"}
{"level":"info","message":"Valid Sign up for: a@cb.com","timestamp":"2016-10-31T21:24:04.341Z"}
{"level":"info","message":"New mail for id: ab@c.d","timestamp":"2016-10-31T21:25:22.577Z"}
{"level":"info","message":"Valid Sign up for: ab@c.d","timestamp":"2016-10-31T21:25:24.931Z"}
{"level":"info","message":"New mail for id: v@v.com","timestamp":"2016-10-31T21:28:23.447Z"}
{"level":"info","message":"Valid Sign up for: v@v.com","timestamp":"2016-10-31T21:28:23.464Z"}
{"level":"info","message":"New mail for id: a@b.c","timestamp":"2016-11-01T07:09:16.719Z"}
{"level":"info","message":"Valid Sign up for: a@b.c","timestamp":"2016-11-01T07:09:16.773Z"}
{"level":"error","message":"Email exists for id: a@b.c","timestamp":"2016-11-01T07:14:06.891Z"}
{"level":"info","message":"Valid Sign up for: a@b.c","timestamp":"2016-11-01T07:14:28.097Z"}
{"level":"error","message":"Email exists for id: a@b.c","timestamp":"2016-11-01T07:17:39.508Z"}
{"level":"info","message":"New mail for id: a@w.c","timestamp":"2016-11-01T07:51:45.647Z"}
{"level":"info","message":"New mail for id: a@b.com","timestamp":"2016-11-01T07:52:12.313Z"}
{"level":"info","message":"Valid Sign up for: a@b.com","timestamp":"2016-11-01T07:52:12.369Z"}
{"level":"info","message":"Successful got the user data  for email:tim@gmail.com","timestamp":"2016-11-01T17:41:56.787Z"}
{"level":"info","message":"Successful got the user data  for email:tim@gmail.com","timestamp":"2016-11-01T17:43:38.688Z"}
{"level":"info","message":"Successful got the user data  for email:tim@gmail.com","timestamp":"2016-11-01T18:05:35.978Z"}
{"level":"info","message":"Successful got the user data  for email:gaurangmhatre@gmail.com","timestamp":"2016-11-01T18:05:47.238Z"}
{"level":"info","message":"Successful got the user data  for email:gaurangmhatre@gmail.com","timestamp":"2016-11-01T18:05:51.919Z"}
{"level":"info","message":"Successful got the user data  for email:gaurangmhatre@gmail.com","timestamp":"2016-11-01T18:06:21.036Z"}
{"level":"info","message":"Successful got the user data  for email:gaurangmhatre@gmail.com","timestamp":"2016-11-01T18:06:24.668Z"}
{"level":"info","message":"Successful got the user data  for email:gaurangmhatre@gmail.com","timestamp":"2016-11-01T18:06:30.204Z"}
{"level":"info","message":"Successful got the user data  for email:gaurangmhatre@gmail.com","timestamp":"2016-11-01T18:09:35.621Z"}
{"level":"info","message":"Successful got the user data  for email:gaurangmhatre@gmail.com","timestamp":"2016-11-01T18:11:24.922Z"}
{"level":"info","message":"Successful got the user data  for email:gaurangmhatre@gmail.com","timestamp":"2016-11-01T18:11:55.359Z"}
{"level":"info","message":"Successful got the user data  for email:gaurangmhatre@gmail.com","timestamp":"2016-11-01T18:11:58.115Z"}
{"level":"info","message":"Successful got the user data  for email:gaurangmhatre@gmail.com","timestamp":"2016-11-01T18:13:30.387Z"}
{"level":"info","message":"Successful got the user data  for email:gaurangmhatre@gmail.com","timestamp":"2016-11-01T18:14:02.223Z"}
{"level":"info","message":"Successful got the user data  for email:gaurangmhatre@gmail.com","timestamp":"2016-11-01T18:17:26.043Z"}
{"level":"info","message":"Successful got the user data  for email:gaurangmhatre@gmail.com","timestamp":"2016-11-01T18:19:50.119Z"}
{"level":"info","message":"Successful got the user data  for email:gaurangmhatre@gmail.com","timestamp":"2016-11-01T18:20:26.053Z"}
{"level":"info","message":"Successful got the user data  for email:gaurangmhatre@gmail.com","timestamp":"2016-11-01T18:23:08.423Z"}
{"level":"info","message":"Successful got the user data  for email:gaurangmhatre@gmail.com","timestamp":"2016-11-01T18:24:28.636Z"}
{"level":"info","message":"Successful got the user products data  for email:gaurangmhatre@gmail.com","timestamp":"2016-11-01T18:24:52.068Z"}
{"level":"info","message":"Successful got the user data  for email:gaurangmhatre@gmail.com","timestamp":"2016-11-01T18:26:45.987Z"}
{"level":"info","message":"Successful got the user products data  for email:gaurangmhatre@gmail.com","timestamp":"2016-11-01T18:27:05.833Z"}
{"level":"info","message":"Successful got the user data  for email:gaurangmhatre@gmail.com","timestamp":"2016-11-01T18:29:55.711Z"}
{"level":"info","message":"Successful got the user products data  for email:gaurangmhatre@gmail.com","timestamp":"2016-11-01T18:30:12.880Z"}
{"level":"info","message":"Successful got the user products data  for email:gaurangmhatre@gmail.com","timestamp":"2016-11-01T18:30:21.332Z"}
{"level":"info","message":"Successful got the user data  for email:gaurangmhatre@gmail.com","timestamp":"2016-11-01T18:40:06.116Z"}
{"level":"info","message":"Successful got the user products data  for email:gaurangmhatre@gmail.com","timestamp":"2016-11-01T18:40:07.116Z"}
{"level":"info","message":"Successful got the user products data  for email:gaurangmhatre@gmail.com","timestamp":"2016-11-01T18:40:07.139Z"}
{"level":"info","message":"Successful got the user products data  for email:gaurangmhatre@gmail.com","timestamp":"2016-11-01T18:40:09.240Z"}
{"level":"info","message":"Successful got the user products data  for email:gaurangmhatre@gmail.com","timestamp":"2016-11-01T18:40:09.243Z"}
{"level":"info","message":"Successful got the user data  for email:gaurangmhatre@gmail.com","timestamp":"2016-11-01T22:00:55.627Z"}
{"level":"info","message":"Successful got the user products data  for email:gaurangmhatre@gmail.com","timestamp":"2016-11-01T22:00:57.167Z"}
{"level":"info","message":"Successful got the user products data  for email:gaurangmhatre@gmail.com","timestamp":"2016-11-01T22:01:02.814Z"}
{"level":"info","message":"Successful got the user data  for email:gaurangmhatre@gmail.com","timestamp":"2016-11-01T22:03:51.241Z"}
{"level":"info","message":"Successful got the user products data  for email:gaurangmhatre@gmail.com","timestamp":"2016-11-01T22:03:52.893Z"}
{"level":"info","message":"Successful got the user data  for email:gaurangmhatre@gmail.com","timestamp":"2016-11-01T22:06:35.093Z"}
{"level":"info","message":"Successful got the user data  for email:gaurangmhatre@gmail.com","timestamp":"2016-11-01T22:07:20.471Z"}
{"level":"info","message":"Successful got the user data  for email:gaurangmhatre@gmail.com","timestamp":"2016-11-01T22:12:11.132Z"}
{"level":"info","message":"Successful got the user data  for email:gaurangmhatre@gmail.com","timestamp":"2016-11-02T15:38:17.034Z"}
{"level":"info","message":"Successful got the user sold data  for email:gaurangmhatre@gmail.com","timestamp":"2016-11-02T15:38:18.620Z"}
{"level":"info","message":"Successful got the user sold data  for email:gaurangmhatre@gmail.com","timestamp":"2016-11-02T15:38:22.163Z"}
{"level":"info","message":"Successful got the user data  for email:gaurangmhatre@gmail.com","timestamp":"2016-11-02T15:47:54.852Z"}
{"level":"info","message":"Successful got the user data  for email:gaurangmhatre@gmail.com","timestamp":"2016-11-02T15:52:28.566Z"}
{"level":"info","message":"Successful got the user bidding products data  for email:gaurangmhatre@gmail.com","timestamp":"2016-11-02T15:52:29.993Z"}
{"level":"info","message":"Successful got the user Auctions products data  for email:gaurangmhatre@gmail.com","timestamp":"2016-11-02T15:53:07.390Z"}
{"level":"info","message":"Successful got the user data  for email:gaurangmhatre@gmail.com","timestamp":"2016-11-02T15:54:25.895Z"}
{"level":"info","message":"Successful got the user data  for email:gaurangmhatre@gmail.com","timestamp":"2016-11-02T15:54:28.031Z"}
{"level":"info","message":"Successful got the user data  for email:gaurangmhatre@gmail.com","timestamp":"2016-11-02T15:54:36.543Z"}
{"level":"info","message":"Successful got the user data  for email:gaurangmhatre@gmail.com","timestamp":"2016-11-02T15:54:38.577Z"}
{"level":"info","message":"Successful got the user data  for email:gaurangmhatre@gmail.com","timestamp":"2016-11-02T16:11:47.593Z"}
{"level":"info","message":"Successful got the user products data  for email:gaurangmhatre@gmail.com","timestamp":"2016-11-02T16:11:49.507Z"}
{"level":"info","message":"Successful got the user products data  for email:gaurangmhatre@gmail.com","timestamp":"2016-11-02T16:11:52.201Z"}
{"level":"info","message":"Successful got the user products data  for email:gaurangmhatre@gmail.com","timestamp":"2016-11-02T16:11:53.167Z"}
{"level":"info","message":"Successful got the user products data  for email:gaurangmhatre@gmail.com","timestamp":"2016-11-02T16:12:37.401Z"}
{"level":"info","message":"Successful got the user data  for email:gaurangmhatre@gmail.com","timestamp":"2016-11-02T16:18:02.733Z"}
{"level":"info","message":"Successful got the user data  for email:gaurangmhatre@gmail.com","timestamp":"2016-11-02T16:22:38.524Z"}
{"level":"info","message":"Successful got the user data  for email:gaurangmhatre@gmail.com","timestamp":"2016-11-02T16:25:17.602Z"}
{"level":"info","message":"---Successful got the products data  for email:gaurangmhatre@gmail.com","timestamp":"2016-11-02T16:25:34.082Z"}
{"level":"info","message":"Successful got the user data  for email:gaurangmhatre@gmail.com","timestamp":"2016-11-02T16:47:43.322Z"}
{"level":"info","message":"---Successful got the products data  for email:gaurangmhatre@gmail.com","timestamp":"2016-11-02T16:48:23.783Z"}
{"level":"info","message":"---Successful got the products for auction data  for email:gaurangmhatre@gmail.com","timestamp":"2016-11-02T16:48:40.907Z"}
{"level":"info","message":"Successful got the user data  for email:gaurangmhatre@gmail.com","timestamp":"2016-11-02T17:20:14.854Z"}
{"level":"info","message":"---Successful got the products data  for email:gaurangmhatre@gmail.com","timestamp":"2016-11-02T17:20:22.497Z"}
{"level":"info","message":"---Successful got the products for auction data  for email:gaurangmhatre@gmail.com","timestamp":"2016-11-02T17:20:22.507Z"}
{"level":"info","message":"Successful got the user data  for email:gaurangmhatre@gmail.com","timestamp":"2016-11-02T17:52:12.892Z"}
{"level":"info","message":"---Successful got the products data  for email:gaurangmhatre@gmail.com","timestamp":"2016-11-02T17:52:14.291Z"}
{"level":"info","message":"---Successful got the products for auction data  for email:gaurangmhatre@gmail.com","timestamp":"2016-11-02T17:52:14.315Z"}
{"level":"info","message":"Successful got the user data  for email:gaurangmhatre@gmail.com","timestamp":"2016-11-02T17:52:19.387Z"}
{"level":"info","message":"Successful got the user data  for email:gaurangmhatre@gmail.com","timestamp":"2016-11-02T17:52:21.030Z"}
{"level":"info","message":"Successful got the user data  for email:gaurangmhatre@gmail.com","timestamp":"2016-11-02T17:53:46.443Z"}
{"level":"info","message":"---Successful got the products data  for email:gaurangmhatre@gmail.com","timestamp":"2016-11-02T17:53:47.890Z"}
{"level":"info","message":"---Successful got the products for auction data  for email:gaurangmhatre@gmail.com","timestamp":"2016-11-02T17:53:47.897Z"}
{"level":"info","message":"Successful got the user data  for email:gaurangmhatre@gmail.com","timestamp":"2016-11-02T17:53:54.415Z"}
{"level":"info","message":"Successful got the user data  for email:gaurangmhatre@gmail.com","timestamp":"2016-11-02T17:53:56.633Z"}
{"level":"info","message":"Successful got the user data  for email:gaurangmhatre@gmail.com","timestamp":"2016-11-02T19:02:36.602Z"}
{"level":"info","message":"Successful got the user products data  for email:gaurangmhatre@gmail.com","timestamp":"2016-11-02T19:02:43.125Z"}
{"level":"info","message":"Successful got the user sold data  for email:gaurangmhatre@gmail.com","timestamp":"2016-11-02T19:02:43.126Z"}
{"level":"info","message":"Successful got the user bidding products data  for email:gaurangmhatre@gmail.com","timestamp":"2016-11-02T19:02:43.133Z"}
{"level":"info","message":"Successful got the user Auctions products data  for email:gaurangmhatre@gmail.com","timestamp":"2016-11-02T19:02:43.148Z"}
{"level":"info","message":"Successful got the user data  for email:gaurangmhatre@gmail.com","timestamp":"2016-11-02T19:02:44.375Z"}
{"level":"info","message":"Successful got the user data  for email:gaurangmhatre@gmail.com","timestamp":"2016-11-02T19:04:05.349Z"}
{"level":"info","message":"---Successful got the products data  for email:gaurangmhatre@gmail.com","timestamp":"2016-11-02T19:04:06.884Z"}
{"level":"info","message":"---Successful got the products for auction data  for email:gaurangmhatre@gmail.com","timestamp":"2016-11-02T19:04:06.886Z"}
{"level":"info","message":"Successful got the user data  for email:gaurangmhatre@gmail.com","timestamp":"2016-11-02T19:04:08.170Z"}
{"level":"info","message":"Successful got the user data  for email:gaurangmhatre@gmail.com","timestamp":"2016-11-02T19:18:26.641Z"}
{"level":"info","message":"Successful got the user data  for email:gaurangmhatre@gmail.com","timestamp":"2016-11-02T19:18:28.149Z"}
{"level":"info","message":"Successful got the user data  for email:gaurangmhatre@gmail.com","timestamp":"2016-11-02T19:18:30.531Z"}
{"level":"info","message":"Successful got the user data  for email:gaurangmhatre@gmail.com","timestamp":"2016-11-02T19:18:35.347Z"}
{"level":"info","message":"Successful got the user data  for email:gaurangmhatre@gmail.com","timestamp":"2016-11-02T19:20:36.326Z"}
{"level":"info","message":"Successful got the user data  for email:gaurangmhatre@gmail.com","timestamp":"2016-11-02T19:20:38.058Z"}
{"level":"info","message":"Successful got the user data  for email:gaurangmhatre@gmail.com","timestamp":"2016-11-02T19:20:39.804Z"}
{"level":"info","message":"Successful got the user data  for email:gaurangmhatre@gmail.com","timestamp":"2016-11-02T19:20:43.731Z"}
{"level":"info","message":"Successful got the user data  for email:gaurangmhatre@gmail.com","timestamp":"2016-11-02T19:20:44.812Z"}
{"level":"info","message":"Successful got the user data  for email:gaurangmhatre@gmail.com","timestamp":"2016-11-02T19:21:56.671Z"}
{"level":"info","message":"Successful got the user data  for email:gaurangmhatre@gmail.com","timestamp":"2016-11-02T19:21:58.123Z"}
{"level":"info","message":"Successful got the user data  for email:gaurangmhatre@gmail.com","timestamp":"2016-11-02T19:22:03.878Z"}
{"level":"info","message":"Successful got the user data  for email:gaurangmhatre@gmail.com","timestamp":"2016-11-02T19:22:39.264Z"}
{"level":"info","message":"Successful got the user data  for email:gaurangmhatre@gmail.com","timestamp":"2016-11-02T19:22:41.344Z"}
{"level":"info","message":"Successful got the user data  for email:gaurangmhatre@gmail.com","timestamp":"2016-11-02T19:22:43.471Z"}
{"level":"info","message":"Successful got the user data  for email:gaurangmhatre@gmail.com","timestamp":"2016-11-02T19:26:56.614Z"}
{"level":"info","message":"Successful got the user data  for email:gaurangmhatre@gmail.com","timestamp":"2016-11-02T19:26:58.756Z"}
{"level":"info","message":"Successful got the user data  for email:gaurangmhatre@gmail.com","timestamp":"2016-11-02T19:27:00.617Z"}
{"level":"info","message":"Successful got the user data  for email:gaurangmhatre@gmail.com","timestamp":"2016-11-02T19:28:14.144Z"}
{"level":"info","message":"Successful got the user data  for email:gaurangmhatre@gmail.com","timestamp":"2016-11-02T19:28:15.608Z"}
{"level":"info","message":"Successful got the user data  for email:gaurangmhatre@gmail.com","timestamp":"2016-11-02T19:28:59.474Z"}
{"level":"info","message":"Successful got the user data  for email:gaurangmhatre@gmail.com","timestamp":"2016-11-02T19:29:01.205Z"}
{"level":"info","message":"Successful got the user data  for email:gaurangmhatre@gmail.com","timestamp":"2016-11-02T19:29:02.991Z"}
{"level":"info","message":"Successful got the user data  for email:gaurangmhatre@gmail.com","timestamp":"2016-11-02T19:29:18.784Z"}
{"level":"info","message":"Successful got the user data  for email:gaurangmhatre@gmail.com","timestamp":"2016-11-02T19:29:19.571Z"}
{"level":"info","message":"Successful got the user data  for email:gaurangmhatre@gmail.com","timestamp":"2016-11-02T19:31:51.967Z"}
{"level":"info","message":"Successful got the user data  for email:gaurangmhatre@gmail.com","timestamp":"2016-11-02T19:31:53.739Z"}
{"level":"info","message":"Successful got the user data  for email:gaurangmhatre@gmail.com","timestamp":"2016-11-02T19:31:57.518Z"}
{"level":"info","message":"Successful got the user data  for email:gaurangmhatre@gmail.com","timestamp":"2016-11-02T19:32:30.467Z"}
{"level":"info","message":"Successful got the user data  for email:gaurangmhatre@gmail.com","timestamp":"2016-11-02T19:32:31.694Z"}
{"level":"info","message":"Successful got the user data  for email:gaurangmhatre@gmail.com","timestamp":"2016-11-02T19:32:33.378Z"}
{"level":"info","message":"Successful got the user data  for email:gaurangmhatre@gmail.com","timestamp":"2016-11-02T19:32:44.445Z"}
{"level":"info","message":"Successful got the user data  for email:gaurangmhatre@gmail.com","timestamp":"2016-11-02T19:32:45.320Z"}
{"level":"info","message":"Successful got the user data  for email:gaurangmhatre@gmail.com","timestamp":"2016-11-02T19:33:28.194Z"}
{"level":"info","message":"Successful got the user data  for email:gaurangmhatre@gmail.com","timestamp":"2016-11-02T19:33:30.045Z"}
{"level":"info","message":"Successful got the user data  for email:gaurangmhatre@gmail.com","timestamp":"2016-11-02T19:33:32.303Z"}
{"level":"info","message":"Successful got the user data  for email:gaurangmhatre@gmail.com","timestamp":"2016-11-02T19:34:57.953Z"}
{"level":"info","message":"Successful got the user data  for email:gaurangmhatre@gmail.com","timestamp":"2016-11-02T19:35:00.899Z"}
{"level":"info","message":"Successful got the user data  for email:gaurangmhatre@gmail.com","timestamp":"2016-11-02T19:35:02.985Z"}
{"level":"info","message":"Successful got the user data  for email:gaurangmhatre@gmail.com","timestamp":"2016-11-02T19:38:08.429Z"}
{"level":"info","message":"Successful got the user data  for email:gaurangmhatre@gmail.com","timestamp":"2016-11-02T19:38:10.079Z"}
{"level":"info","message":"Successful got the user data  for email:gaurangmhatre@gmail.com","timestamp":"2016-11-02T19:38:12.613Z"}
{"level":"info","message":"Successful got the user data  for email:gaurangmhatre@gmail.com","timestamp":"2016-11-02T19:47:06.447Z"}
{"level":"info","message":"Successful got the user data  for email:gaurangmhatre@gmail.com","timestamp":"2016-11-02T19:47:10.598Z"}
{"level":"info","message":"Successful got the user data  for email:gaurangmhatre@gmail.com","timestamp":"2016-11-02T19:47:12.588Z"}
{"level":"info","message":"Successful got the user data  for email:gaurangmhatre@gmail.com","timestamp":"2016-11-02T19:47:17.536Z"}
{"level":"info","message":"Successful got the user data  for email:gaurangmhatre@gmail.com","timestamp":"2016-11-02T19:48:24.011Z"}
{"level":"info","message":"Successful got the user data  for email:gaurangmhatre@gmail.com","timestamp":"2016-11-02T19:55:01.468Z"}
{"level":"info","message":"Successful got the user data  for email:gaurangmhatre@gmail.com","timestamp":"2016-11-02T19:55:03.337Z"}
{"level":"info","message":"Successful got the user data  for email:gaurangmhatre@gmail.com","timestamp":"2016-11-02T19:55:05.050Z"}
{"level":"info","message":"Successful got the user data  for email:gaurangmhatre@gmail.com","timestamp":"2016-11-02T19:55:09.263Z"}
{"level":"info","message":"Successful got the user data  for email:gaurangmhatre@gmail.com","timestamp":"2016-11-02T19:55:10.296Z"}
{"level":"info","message":"Successful got the user data  for email:gaurangmhatre@gmail.com","timestamp":"2016-11-02T21:03:26.213Z"}
{"level":"info","message":"Successful got the user data  for email:gaurangmhatre@gmail.com","timestamp":"2016-11-02T21:03:39.743Z"}
{"level":"info","message":"Successful got the user data  for email:gaurangmhatre@gmail.com","timestamp":"2016-11-02T21:03:43.623Z"}
{"level":"info","message":"Successful got the user products data  for email:gaurangmhatre@gmail.com","timestamp":"2016-11-02T21:03:45.531Z"}
{"level":"info","message":"Successful got the user sold data  for email:gaurangmhatre@gmail.com","timestamp":"2016-11-02T21:03:54.574Z"}
{"level":"info","message":"Successful got the user Auctions products data  for email:gaurangmhatre@gmail.com","timestamp":"2016-11-02T21:03:54.605Z"}
{"level":"info","message":"Successful got the user bidding products data  for email:gaurangmhatre@gmail.com","timestamp":"2016-11-02T21:03:54.608Z"}
{"level":"info","message":"Successful got the user products data  for email:gaurangmhatre@gmail.com","timestamp":"2016-11-02T21:03:58.781Z"}
{"level":"info","message":"Successful got the user bidding products data  for email:gaurangmhatre@gmail.com","timestamp":"2016-11-02T21:03:58.782Z"}
{"level":"info","message":"Successful got the user sold data  for email:gaurangmhatre@gmail.com","timestamp":"2016-11-02T21:03:58.784Z"}
{"level":"info","message":"Successful got the user Auctions products data  for email:gaurangmhatre@gmail.com","timestamp":"2016-11-02T21:03:58.796Z"}
{"level":"info","message":"Successful got the user data  for email:gaurangmhatre@gmail.com","timestamp":"2016-11-02T21:04:01.580Z"}
{"level":"info","message":"Successful got the user data  for email:gaurangmhatre@gmail.com","timestamp":"2016-11-02T21:04:03.691Z"}
{"level":"info","message":"Successful got the user data  for email:gaurangmhatre@gmail.com","timestamp":"2016-11-02T21:04:12.967Z"}
{"level":"info","message":"Successful got the user data  for email:gaurangmhatre@gmail.com","timestamp":"2016-11-02T21:19:29.814Z"}
{"level":"info","message":"Successful got the user data  for email:gaurangmhatre@gmail.com","timestamp":"2016-11-02T21:19:31.170Z"}
{"level":"info","message":"Successful got the user data  for email:gaurangmhatre@gmail.com","timestamp":"2016-11-02T21:19:32.463Z"}
{"level":"info","message":"Successful got the user data  for email:gaurangmhatre@gmail.com","timestamp":"2016-11-02T21:19:33.356Z"}
{"level":"info","message":"Successful got the user data  for email:gaurangmhatre@gmail.com","timestamp":"2016-11-02T21:26:18.168Z"}
{"level":"info","message":"Successful got the user data  for email:gaurangmhatre@gmail.com","timestamp":"2016-11-02T21:26:21.131Z"}
{"level":"info","message":"Successful got the user data  for email:gaurangmhatre@gmail.com","timestamp":"2016-11-02T21:26:23.500Z"}
{"level":"info","message":"Successful got the user data  for email:gaurangmhatre@gmail.com","timestamp":"2016-11-02T21:32:21.806Z"}
{"level":"info","message":"Successful got the user data  for email:gaurangmhatre@gmail.com","timestamp":"2016-11-02T21:32:23.623Z"}
{"level":"info","message":"Successful got the user data  for email:gaurangmhatre@gmail.com","timestamp":"2016-11-02T21:32:25.230Z"}
{"level":"info","message":"Successful got the user data  for email:gaurangmhatre@gmail.com","timestamp":"2016-11-02T21:33:28.864Z"}
{"level":"info","message":"Successful got the user sold data  for email:undefined","timestamp":"2016-11-02T21:33:39.321Z"}
{"level":"info","message":"Successful got the user sold data  for email:undefined","timestamp":"2016-11-02T21:33:39.329Z"}
{"level":"info","message":"Successful got the user data  for email:gaurangmhatre@gmail.com","timestamp":"2016-11-02T21:33:39.337Z"}
{"level":"info","message":"Successful got the user data  for email:gaurangmhatre@gmail.com","timestamp":"2016-11-02T21:33:39.349Z"}
{"level":"info","message":"Successful got the user data  for email:gaurangmhatre@gmail.com","timestamp":"2016-11-02T21:35:18.543Z"}
{"level":"info","message":"Successful got the user sold data  for email:gaurangmhatre@gmail.com","timestamp":"2016-11-02T21:35:37.614Z"}
{"level":"info","message":"Successful got the user sold data  for email:gaurangmhatre@gmail.com","timestamp":"2016-11-02T21:35:37.620Z"}
{"level":"info","message":"Successful got the user data  for email:gaurangmhatre@gmail.com","timestamp":"2016-11-02T21:35:37.631Z"}
{"level":"info","message":"Successful got the user data  for email:gaurangmhatre@gmail.com","timestamp":"2016-11-02T21:35:37.634Z"}
{"level":"info","message":"Successful got the user sold data  for email:gaurangmhatre@gmail.com","timestamp":"2016-11-02T21:36:59.835Z"}
{"level":"info","message":"Successful got the user data  for email:gaurangmhatre@gmail.com","timestamp":"2016-11-02T21:37:27.739Z"}
{"level":"info","message":"Successful got the user sold data  for email:gaurangmhatre@gmail.com","timestamp":"2016-11-02T21:37:29.998Z"}
{"level":"info","message":"Successful got the user data  for email:gaurangmhatre@gmail.com","timestamp":"2016-11-02T21:37:30.002Z"}
{"level":"info","message":"---Successful got the products data  for email:gaurangmhatre@gmail.com","timestamp":"2016-11-02T21:37:46.613Z"}
{"level":"info","message":"---Successful got the products for auction data  for email:gaurangmhatre@gmail.com","timestamp":"2016-11-02T21:37:46.617Z"}
{"level":"info","message":"Successful got the user sold data  for email:gaurangmhatre@gmail.com","timestamp":"2016-11-02T21:37:50.162Z"}
{"level":"info","message":"Successful got the user data  for email:gaurangmhatre@gmail.com","timestamp":"2016-11-02T21:37:50.166Z"}
